make: Entering directory '/root/Nek5000/tools/genmap'
/usr/bin/gfortran -c -O2 -DMAXNEL=5000 -std=legacy -cpp  -fdefault-real-8 -fdefault-double-8 genmap.f
genmap.f:881:18:

       len = indx1(prompt,'$',1) - 1
                  1
Warning: Rank mismatch in argument 's1' at (1) (scalar and rank-1) [-Wargument-mismatch]
genmap.f:370:27:

          call cscan(string,'MESH DATA',9)
                           1
Warning: Character length of actual argument shorter than of dummy argument 'key' (9/80) at (1) [-Wargument-mismatch]
genmap.f:3287:9:

      $  ('Error opening file in open_bin_file ',ierr)
         1
Warning: Character length of actual argument shorter than of dummy argument 'name' (36/40) at (1) [-Wargument-mismatch]
genmap.f:3290:9:

      $  ('Error reading header in open_bin_file ',ierr)
         1
Warning: Character length of actual argument shorter than of dummy argument 'name' (38/40) at (1) [-Wargument-mismatch]
genmap.f:3206:10:

      $   ('Error byte_reverse in buf_to_xy ',ierr)
          1
Warning: Character length of actual argument shorter than of dummy argument 'name' (32/40) at (1) [-Wargument-mismatch]
genmap.f:3209:21:

          call copyi4(igroup,buf(0),1) !0-1
                     1
Warning: Rank mismatch in argument 'a' at (1) (rank-1 and scalar) [-Wargument-mismatch]
genmap.f:3211:72:

             call copy  (xc,buf( 2),8) !2 --17
                                                                        1
Warning: Type mismatch in argument 'y' at (1); passed INTEGER(4) to REAL(8) [-Wargument-mismatch]
genmap.f:3212:72:

             call copy  (yc,buf(18),8) !18--33
                                                                        1
Warning: Type mismatch in argument 'y' at (1); passed INTEGER(4) to REAL(8) [-Wargument-mismatch]
genmap.f:3213:72:

             call copy  (zc,buf(34),8) !34--49
                                                                        1
Warning: Type mismatch in argument 'y' at (1); passed INTEGER(4) to REAL(8) [-Wargument-mismatch]
genmap.f:3215:72:

             call copy  (xc,buf( 2),4) !2 --9
                                                                        1
Warning: Type mismatch in argument 'y' at (1); passed INTEGER(4) to REAL(8) [-Wargument-mismatch]
genmap.f:3216:72:

             call copy  (yc,buf(10),4) !10--17
                                                                        1
Warning: Type mismatch in argument 'y' at (1); passed INTEGER(4) to REAL(8) [-Wargument-mismatch]
genmap.f:3221:72:

             call copy4r(xc,buf( 1),8)
                                                                        1
Warning: Type mismatch in argument 'b' at (1); passed INTEGER(4) to REAL(4) [-Wargument-mismatch]
genmap.f:3222:72:

             call copy4r(yc,buf( 9),8)
                                                                        1
Warning: Type mismatch in argument 'b' at (1); passed INTEGER(4) to REAL(4) [-Wargument-mismatch]
genmap.f:3223:72:

             call copy4r(zc,buf(17),8)
                                                                        1
Warning: Type mismatch in argument 'b' at (1); passed INTEGER(4) to REAL(4) [-Wargument-mismatch]
genmap.f:3225:72:

             call copy4r(xc,buf( 1),4)
                                                                        1
Warning: Type mismatch in argument 'b' at (1); passed INTEGER(4) to REAL(4) [-Wargument-mismatch]
genmap.f:3226:72:

             call copy4r(yc,buf( 5),4)
                                                                        1
Warning: Type mismatch in argument 'b' at (1); passed INTEGER(4) to REAL(4) [-Wargument-mismatch]
genmap.f:248:16:

      $         ('Error reading ncurve in makemesh ',ierr)
                1
Warning: Character length of actual argument shorter than of dummy argument 'name' (33/40) at (1) [-Wargument-mismatch]
genmap.f:252:16:

      $         ('Error reading curve data in makemesh ',ierr)
                1
Warning: Character length of actual argument shorter than of dummy argument 'name' (37/40) at (1) [-Wargument-mismatch]
genmap.f:258:16:

      $         ('Error reading ncurve in makemesh ',ierr)
                1
Warning: Character length of actual argument shorter than of dummy argument 'name' (33/40) at (1) [-Wargument-mismatch]
genmap.f:262:16:

      $         ('Error reading curve data in makemesh ',ierr)
                1
Warning: Character length of actual argument shorter than of dummy argument 'name' (37/40) at (1) [-Wargument-mismatch]
genmap.f:3128:21:

      &              ('Error reading byte bcs ',ierr)
                     1
Warning: Character length of actual argument shorter than of dummy argument 'name' (23/40) at (1) [-Wargument-mismatch]
genmap.f:3162:21:

          call copyi4(e,buf(1),1) !1-2
                     1
Warning: Rank mismatch in argument 'a' at (1) (rank-1 and scalar) [-Wargument-mismatch]
genmap.f:3163:21:

          call copyi4(f,buf(3),1) !3-4
                     1
Warning: Rank mismatch in argument 'a' at (1) (rank-1 and scalar) [-Wargument-mismatch]
genmap.f:3164:72:

          call copy  (bl(1,f,e),buf(5),5) !5--14
                                                                        1
Warning: Type mismatch in argument 'y' at (1); passed INTEGER(4) to REAL(8) [-Wargument-mismatch]
genmap.f:3165:72:

          call chcopy(cbl( f,e),buf(15),3)!15-16
                                                                        1
Warning: Type mismatch in argument 'y' at (1); passed INTEGER(4) to CHARACTER(1) [-Wargument-mismatch]
genmap.f:3172:72:

          call copy48r ( bl(1,f,e),buf(3),5)
                                                                        1
Warning: Type mismatch in argument 'b' at (1); passed INTEGER(4) to REAL(4) [-Wargument-mismatch]
genmap.f:3173:72:

          call chcopy  (cbl(  f,e),buf(8),3)
                                                                        1
Warning: Type mismatch in argument 'y' at (1); passed INTEGER(4) to CHARACTER(1) [-Wargument-mismatch]
genmap.f:3139:21:

      &              ('Error reading byte bcs ',ierr)
                     1
Warning: Character length of actual argument shorter than of dummy argument 'name' (23/40) at (1) [-Wargument-mismatch]
genmap.f:279:24:

          call rd_bc_bin(cbc,bc,nelv,nelt,ifbswap)
                        1
Warning: Actual argument contains too few elements for dummy argument 'cbc' (18/90000) at (1) [-Wargument-mismatch]
genmap.f:283:14:

      $       ('Error closing file in makemesh ',ierr)
              1
Warning: Character length of actual argument shorter than of dummy argument 'name' (31/40) at (1) [-Wargument-mismatch]
genmap.f:504:24:

       call cscan(string,'BOUNDARY',8) ! for now, fluid only
                        1
Warning: Character length of actual argument shorter than of dummy argument 'key' (8/80) at (1) [-Wargument-mismatch]
genmap.f:515:26:

          if (indx1(string,'NO ',3).ne.0) then
                          1
Warning: Character length of actual argument shorter than of dummy argument 's2' (3/80) at (1) [-Wargument-mismatch]
genmap.f:517:30:

             call cscan(string,'BOUNDARY',8) ! then, temp only
                              1
Warning: Character length of actual argument shorter than of dummy argument 'key' (8/80) at (1) [-Wargument-mismatch]
genmap.f:2931:53:

             call tuple_sort(dx(0,i),lda,ninseg(iseg),j1,1,ind,dxt) !key=j1
                                                     1
Warning: Rank mismatch in argument 'key' at (1) (rank-1 and scalar) [-Wargument-mismatch]
genmap.f:303:72:

       call unique_vertex2(cell,dx,ndim,nelt,q,i_n,j_n,j_o,wk)
                                                                        1
Warning: Type mismatch in argument 'ifseg' at (1); passed INTEGER(4) to LOGICAL(4) [-Wargument-mismatch]
genmap.f:1143:18:

       do k=2,n
                                                                        2
          next = a(k)
                  1
Warning: Array reference at (1) out of bounds (2 > 1) in loop beginning at (2)
genmap.f:1145:11:

genmap.f:1142:72:

       do k=2,n
                                                                        2
genmap.f:1145:11:

          a(k) = rank
           1
Warning: Array reference at (1) out of bounds (2 > 1) in loop beginning at (2)
genmap.f:121:72:

      $               (cell,nv,nelt,irnk,dx,ndim,cbc,bc,nfc,w14,w5)
                                                                        1
Warning: Type mismatch in argument 'iper' at (1); passed REAL(8) to INTEGER(4) [-Wargument-mismatch]
genmap.f:3715:19:

genmap.f:3713:72:

       do e=1,nel
                                                                        2
genmap.f:3715:19:

          j1 = ic2c(e+1)-1
                   1
Warning: Array reference at (1) out of bounds (2 > 1) in loop beginning at (2)
genmap.f:2530:72:

          call sbisect (pmap,f,p2,w,n)
                                                                        1
Warning: Type mismatch in argument 'p' at (1); passed REAL(8) to INTEGER(4) [-Wargument-mismatch]
genmap.f:2856:17:

       do i=2,n
                                                                        2
          s = s+x(i)*y(i)
                 1
Warning: Array reference at (1) out of bounds (2 > 1) in loop beginning at (2)
genmap.f:2856:22:

       do i=2,n
                                                                        2
          s = s+x(i)*y(i)
                      1
Warning: Array reference at (1) out of bounds (2 > 1) in loop beginning at (2)
genmap.f:2624:21:

          call ax(w,p,ia,ja,va,n)
                     1
Warning: Actual argument contains too few elements for dummy argument 'ia' (1/2) at (1) [-Wargument-mismatch]
genmap.f:2549:30:

          call lanczos2(f,rr,n,ev,d,u,niter)
                              1
Warning: Rank mismatch in argument 'ev' at (1) (rank-2 and scalar) [-Wargument-mismatch]
genmap.f:2554:72:

       call sbisect (pmap,f,p2,w,n)
                                                                        1
Warning: Type mismatch in argument 'p' at (1); passed REAL(8) to INTEGER(4) [-Wargument-mismatch]
genmap.f:3951:46:

      $                     ,nel,d,u,r,p2,w,rr,ev,m,ndim)
                                              1
Warning: Rank mismatch in argument 'ev' at (1) (scalar and rank-1) [-Wargument-mismatch]
genmap.f:1414:72:

       call icadd(pmap,p,nel)
                                                                        1
Warning: Type mismatch in argument 'c' at (1); passed REAL(8) to INTEGER(4) [-Wargument-mismatch]
genmap.f:1197:72:

      $        (n1,n2,pmap(j0),order,mo,elist(j0),n,cell,nv,p,w1,w2,w3)
                                                                        1
Warning: Type mismatch in argument 'p' at (1); passed INTEGER(4) to REAL(8) [-Wargument-mismatch]
genmap.f:126:72:

      $                                           ,w1,w2,w3,w4,w5)
                                                                        1
Warning: Type mismatch in argument 'w3' at (1); passed REAL(8) to INTEGER(4) [-Wargument-mismatch]
genmap.f:147:72:

      $                                           ,w1,w2,w3,w4,w5)
                                                                        1
Warning: Type mismatch in argument 'w3' at (1); passed REAL(8) to INTEGER(4) [-Wargument-mismatch]
genmap.f:1097:27:

          call isort(ja(j0),ind,nj)
                           1
Warning: Rank mismatch in argument 'ind' at (1) (rank-1 and scalar) [-Wargument-mismatch]
genmap.f:3531:30:

       call breadth_first_fill(pb,pmax)
                              1
Warning: Actual argument contains too few elements for dummy argument 'p' (1/2) at (1) [-Wargument-mismatch]
genmap.f:3925:22:

       common /arrayi2/ jdual(32*lelm) , vdual(32*lelm)
                      1
Warning: Named COMMON block 'arrayi2' at (1) shall be of the same size as elsewhere (1300000 vs 180000 bytes)
genmap.f:204:21:

       common /arrayi/ i_n(lpts) , j_n(4*lpts)
                     1
Warning: Named COMMON block 'arrayi' at (1) shall be of the same size as elsewhere (1440000 vs 480000 bytes)
genmap.f:62:22:

       common /carrayw/ w1   (lpts) , w2   (lpts)
                      1
Warning: Named COMMON block 'carrayw' at (1) shall be of the same size as elsewhere (1280000 vs 1600000 bytes)
genmap.f:1952:22:

       common /arrayi2/ face (3*lpts) , elist(lelm) , ind  (lpts)
                      1
Warning: Named COMMON block 'arrayi2' at (1) shall be of the same size as elsewhere (660000 vs 1300000 bytes)
/usr/bin/gcc -c  -DUNDERSCORE  ../../core/byte.c
/usr/bin/gfortran -O2 -DMAXNEL=5000 -std=legacy -cpp  -fdefault-real-8 -fdefault-double-8 -o /root/Nek5000/bin/genmap genmap.o byte.o  
make: Leaving directory '/root/Nek5000/tools/genmap'
